

Started GET "/" for 127.0.0.1 at 2014-07-17 22:01:57 -0600
  [1m[36mActiveRecord::SchemaMigration Load (28.0ms)[0m  [1mSELECT "schema_migrations".* FROM "schema_migrations"[0m
Processing by StaticPagesController#home as HTML
  Rendered static_pages/home.html.erb within layouts/homepage (1.7ms)
  Rendered layouts/_ie_shim.html.erb (0.3ms)
  Rendered layouts/_head_tags.html.erb (1193.0ms)
  [1m[35mUser Load (4.7ms)[0m  SELECT "users".* FROM "users" WHERE "users"."remember_token" = 'da39a3ee5e6b4b0d3255bfef95601890afd80709' LIMIT 1
  Rendered layouts/_footer.html.erb (0.7ms)
Completed 200 OK in 1272ms (Views: 1241.2ms | ActiveRecord: 30.5ms)


Started GET "/" for 127.0.0.1 at 2014-07-17 22:01:59 -0600
Processing by StaticPagesController#home as HTML
  Rendered static_pages/home.html.erb within layouts/homepage (0.1ms)
  Rendered layouts/_ie_shim.html.erb (0.1ms)
  Rendered layouts/_head_tags.html.erb (65.3ms)
  [1m[36mUser Load (0.3ms)[0m  [1mSELECT "users".* FROM "users" WHERE "users"."remember_token" = 'da39a3ee5e6b4b0d3255bfef95601890afd80709' LIMIT 1[0m
  Rendered layouts/_footer.html.erb (0.2ms)
Completed 200 OK in 69ms (Views: 68.4ms | ActiveRecord: 0.3ms)


Started GET "/signin" for 127.0.0.1 at 2014-07-17 22:02:10 -0600
Processing by SessionsController#new as HTML
  Rendered shared/_flash_messages.html.erb (0.6ms)
  Rendered sessions/new.html.erb within layouts/application (17.4ms)
  Rendered layouts/_ie_shim.html.erb (0.3ms)
  Rendered layouts/_head_tags.html.erb (31.8ms)
  [1m[35mUser Load (0.4ms)[0m  SELECT "users".* FROM "users" WHERE "users"."remember_token" = 'da39a3ee5e6b4b0d3255bfef95601890afd80709' LIMIT 1
  Rendered layouts/_header.html.erb (2.0ms)
  Rendered layouts/_footer.html.erb (0.5ms)
Completed 200 OK in 58ms (Views: 57.2ms | ActiveRecord: 0.4ms)


Started POST "/sessions" for 127.0.0.1 at 2014-07-17 22:02:11 -0600
Processing by SessionsController#create as HTML
  Parameters: {"utf8"=>"✓", "authenticity_token"=>"USOGXgHOKGu9Zxih1+xUkK4YDANkxo+PVHmeZeo5Ljk=", "session"=>{"email"=>"jason@jmophoto.com", "password"=>"[FILTERED]"}, "commit"=>"Sign In"}
  [1m[36mUser Load (12.9ms)[0m  [1mSELECT "users".* FROM "users" WHERE "users"."email" = 'jason@jmophoto.com' LIMIT 1[0m
  [1m[35m (0.1ms)[0m  BEGIN
  [1m[36mSQL (48.1ms)[0m  [1mUPDATE "users" SET "remember_token" = $1, "updated_at" = $2 WHERE "users"."id" = 1[0m  [["remember_token", "c8fc947dedec12e0ca001034e2606f340cec33b5"], ["updated_at", Fri, 18 Jul 2014 04:02:11 UTC +00:00]]
  [1m[35m (64.4ms)[0m  COMMIT
DEPRECATION WARNING: Calling #default_scope without a block is deprecated. For example instead of `default_scope where(color: 'red')`, please use `default_scope { where(color: 'red') }`. (Alternatively you can just redefine self.default_scope.). (called from <class:Inspection> at /Users/jmophoto/sites/myinventory/app/models/inspection.rb:23)
  [1m[36mInspection Load (12.5ms)[0m  [1mSELECT "inspections".* FROM "inspections" WHERE "inspections"."user_id" = $1 ORDER BY inspection_date DESC[0m  [["user_id", 1]]
Redirected to http://lvh.me:3000/inspections
Completed 302 Found in 324ms (ActiveRecord: 154.3ms)


Started GET "/inspections" for 127.0.0.1 at 2014-07-17 22:02:11 -0600
Processing by InspectionsController#index as HTML
  [1m[35mUser Load (0.4ms)[0m  SELECT "users".* FROM "users" WHERE "users"."remember_token" = 'c8fc947dedec12e0ca001034e2606f340cec33b5' LIMIT 1
  Rendered inspections/index.html.erb within layouts/application (0.5ms)
  Rendered layouts/_ie_shim.html.erb (0.0ms)
  Rendered layouts/_head_tags.html.erb (27.7ms)
  Rendered layouts/_header.html.erb (1.3ms)
  Rendered layouts/_footer.html.erb (0.2ms)
Completed 200 OK in 35ms (Views: 33.0ms | ActiveRecord: 0.3ms)


Started GET "/inspections" for 127.0.0.1 at 2014-07-17 22:02:11 -0600
Processing by InspectionsController#index as JSON
  [1m[36mUser Load (1.7ms)[0m  [1mSELECT "users".* FROM "users" WHERE "users"."remember_token" = 'c8fc947dedec12e0ca001034e2606f340cec33b5' LIMIT 1[0m
  [1m[35mInspection Load (0.3ms)[0m  SELECT "inspections".* FROM "inspections" WHERE "inspections"."user_id" = $1 ORDER BY inspection_date DESC  [["user_id", 1]]
  [1m[36mAddress Load (18.9ms)[0m  [1mSELECT "addresses".* FROM "addresses" WHERE "addresses"."addressable_id" = $1 AND "addresses"."addressable_type" = $2 ORDER BY "addresses"."id" ASC LIMIT 1[0m  [["addressable_id", 8], ["addressable_type", "Inspection"]]
  [1m[35mInspectedRoom Load (12.0ms)[0m  SELECT "inspected_rooms".* FROM "inspected_rooms" WHERE "inspected_rooms"."inspection_id" = $1  [["inspection_id", 8]]
  [1m[36mInspectedFeature Load (13.3ms)[0m  [1mSELECT "inspected_features".* FROM "inspected_features" WHERE "inspected_features"."inspected_room_id" IN (2, 1)[0m
  [1m[35mImage Load (12.6ms)[0m  SELECT "images".* FROM "images" WHERE "images"."imageable_id" = $1 AND "images"."imageable_type" = $2  [["imageable_id", 2], ["imageable_type", "InspectedRoom"]]
  [1m[36mImage Load (0.2ms)[0m  [1mSELECT "images".* FROM "images" WHERE "images"."imageable_id" = $1 AND "images"."imageable_type" = $2[0m  [["imageable_id", 1], ["imageable_type", "InspectedRoom"]]
  [1m[35mValuable Load (20.1ms)[0m  SELECT "valuables".* FROM "valuables" WHERE "valuables"."inspection_id" = $1  [["inspection_id", 8]]
  [1m[36mImage Load (0.2ms)[0m  [1mSELECT "images".* FROM "images" WHERE "images"."imageable_id" = $1 AND "images"."imageable_type" = $2[0m  [["imageable_id", 8], ["imageable_type", "Inspection"]]
  [1m[35mInspectionDetail Load (13.4ms)[0m  SELECT "inspection_details".* FROM "inspection_details" WHERE "inspection_details"."inspection_id" = $1  [["inspection_id", 8]]
  [1m[36mUser Load (0.4ms)[0m  [1mSELECT "users".* FROM "users" WHERE "users"."id" = $1 ORDER BY "users"."id" ASC LIMIT 1[0m  [["id", 1]]
  [1m[35mAddress Load (0.7ms)[0m  SELECT "addresses".* FROM "addresses" WHERE "addresses"."addressable_id" = $1 AND "addresses"."addressable_type" = $2 ORDER BY "addresses"."id" ASC LIMIT 1  [["addressable_id", 1], ["addressable_type", "User"]]
  [1m[36mCompany Load (6.8ms)[0m  [1mSELECT "companies".* FROM "companies" WHERE "companies"."user_id" = $1 ORDER BY "companies"."id" ASC LIMIT 1[0m  [["user_id", 1]]
  [1m[35mAddress Load (0.3ms)[0m  SELECT "addresses".* FROM "addresses" WHERE "addresses"."addressable_id" = $1 AND "addresses"."addressable_type" = $2 ORDER BY "addresses"."id" ASC LIMIT 1  [["addressable_id", 9], ["addressable_type", "Inspection"]]
  [1m[36mInspectedRoom Load (0.2ms)[0m  [1mSELECT "inspected_rooms".* FROM "inspected_rooms" WHERE "inspected_rooms"."inspection_id" = $1[0m  [["inspection_id", 9]]
  [1m[35mValuable Load (0.2ms)[0m  SELECT "valuables".* FROM "valuables" WHERE "valuables"."inspection_id" = $1  [["inspection_id", 9]]
  [1m[36mImage Load (0.2ms)[0m  [1mSELECT "images".* FROM "images" WHERE "images"."imageable_id" = $1 AND "images"."imageable_type" = $2[0m  [["imageable_id", 9], ["imageable_type", "Inspection"]]
  [1m[35mInspectionDetail Load (0.2ms)[0m  SELECT "inspection_details".* FROM "inspection_details" WHERE "inspection_details"."inspection_id" = $1  [["inspection_id", 9]]
  [1m[36mCACHE (0.0ms)[0m  [1mSELECT "users".* FROM "users" WHERE "users"."id" = $1 ORDER BY "users"."id" ASC LIMIT 1[0m  [["id", 1]]
  [1m[35mCACHE (0.0ms)[0m  SELECT "addresses".* FROM "addresses" WHERE "addresses"."addressable_id" = $1 AND "addresses"."addressable_type" = $2 ORDER BY "addresses"."id" ASC LIMIT 1  [["addressable_id", 1], ["addressable_type", "User"]]
  [1m[36mCACHE (0.0ms)[0m  [1mSELECT "companies".* FROM "companies" WHERE "companies"."user_id" = $1 ORDER BY "companies"."id" ASC LIMIT 1[0m  [["user_id", 1]]
  [1m[35mAddress Load (0.3ms)[0m  SELECT "addresses".* FROM "addresses" WHERE "addresses"."addressable_id" = $1 AND "addresses"."addressable_type" = $2 ORDER BY "addresses"."id" ASC LIMIT 1  [["addressable_id", 10], ["addressable_type", "Inspection"]]
  [1m[36mInspectedRoom Load (0.2ms)[0m  [1mSELECT "inspected_rooms".* FROM "inspected_rooms" WHERE "inspected_rooms"."inspection_id" = $1[0m  [["inspection_id", 10]]
  [1m[35mInspectedFeature Load (0.2ms)[0m  SELECT "inspected_features".* FROM "inspected_features" WHERE "inspected_features"."inspected_room_id" IN (3)
  [1m[36mImage Load (0.2ms)[0m  [1mSELECT "images".* FROM "images" WHERE "images"."imageable_id" = $1 AND "images"."imageable_type" = $2[0m  [["imageable_id", 3], ["imageable_type", "InspectedRoom"]]
  [1m[35mValuable Load (5.0ms)[0m  SELECT "valuables".* FROM "valuables" WHERE "valuables"."inspection_id" = $1  [["inspection_id", 10]]
  [1m[36mImage Load (0.3ms)[0m  [1mSELECT "images".* FROM "images" WHERE "images"."imageable_id" = $1 AND "images"."imageable_type" = $2[0m  [["imageable_id", 1], ["imageable_type", "Valuable"]]
  [1m[35mImage Load (0.3ms)[0m  SELECT "images".* FROM "images" WHERE "images"."imageable_id" = $1 AND "images"."imageable_type" = $2  [["imageable_id", 10], ["imageable_type", "Inspection"]]
  [1m[36mInspectionDetail Load (0.3ms)[0m  [1mSELECT "inspection_details".* FROM "inspection_details" WHERE "inspection_details"."inspection_id" = $1[0m  [["inspection_id", 10]]
  [1m[35mCACHE (0.0ms)[0m  SELECT "users".* FROM "users" WHERE "users"."id" = $1 ORDER BY "users"."id" ASC LIMIT 1  [["id", 1]]
  [1m[36mCACHE (0.0ms)[0m  [1mSELECT "addresses".* FROM "addresses" WHERE "addresses"."addressable_id" = $1 AND "addresses"."addressable_type" = $2 ORDER BY "addresses"."id" ASC LIMIT 1[0m  [["addressable_id", 1], ["addressable_type", "User"]]
  [1m[35mCACHE (0.0ms)[0m  SELECT "companies".* FROM "companies" WHERE "companies"."user_id" = $1 ORDER BY "companies"."id" ASC LIMIT 1  [["user_id", 1]]
Completed 200 OK in 301ms (Views: 148.4ms | ActiveRecord: 150.4ms)


Started GET "/agents" for 127.0.0.1 at 2014-07-17 22:02:12 -0600
Processing by UsersController#agent_index as JSON
  [1m[36mUser Load (0.4ms)[0m  [1mSELECT "users".* FROM "users" WHERE "users"."remember_token" = 'c8fc947dedec12e0ca001034e2606f340cec33b5' LIMIT 1[0m
Redirected to http://lvh.me:3000/signin
Filter chain halted as :admin_user? rendered or redirected
Completed 302 Found in 3ms (ActiveRecord: 0.4ms)


Started GET "/signin" for 127.0.0.1 at 2014-07-17 22:02:12 -0600
Processing by SessionsController#new as JSON
  Rendered shared/_flash_messages.html.erb (0.5ms)
  Rendered sessions/new.html.erb within layouts/application (5.7ms)
  Rendered layouts/_ie_shim.html.erb (0.3ms)
  Rendered layouts/_head_tags.html.erb (75.6ms)
  [1m[35mUser Load (0.3ms)[0m  SELECT "users".* FROM "users" WHERE "users"."remember_token" = 'c8fc947dedec12e0ca001034e2606f340cec33b5' LIMIT 1
  Rendered layouts/_header.html.erb (2.6ms)
  Rendered layouts/_footer.html.erb (0.6ms)
Completed 200 OK in 96ms (Views: 95.2ms | ActiveRecord: 0.3ms)


Started GET "/profile" for 127.0.0.1 at 2014-07-17 22:02:18 -0600
Processing by UsersController#edit as HTML
  [1m[36mUser Load (0.5ms)[0m  [1mSELECT "users".* FROM "users" WHERE "users"."remember_token" = 'c8fc947dedec12e0ca001034e2606f340cec33b5' LIMIT 1[0m
  Rendered shared/_flash_messages.html.erb (0.2ms)
  [1m[35mInspection Exists (0.4ms)[0m  SELECT 1 AS one FROM "inspections" WHERE "inspections"."user_id" = $1 ORDER BY inspection_date DESC LIMIT 1  [["user_id", 1]]
  [1m[36mInspection Load (0.3ms)[0m  [1mSELECT "inspections".* FROM "inspections" WHERE "inspections"."user_id" = $1 ORDER BY inspection_date DESC[0m  [["user_id", 1]]
  Rendered users/_inventories.html.erb (2.5ms)
  [1m[35mPlan Load (25.4ms)[0m  SELECT "plans".* FROM "plans"
  Rendered users/_purchase_inventory.html.erb (80.2ms)
  Rendered users/edit.html.erb within layouts/application (94.6ms)
  Rendered layouts/_ie_shim.html.erb (0.0ms)
  Rendered layouts/_head_tags.html.erb (26.7ms)
  Rendered layouts/_header.html.erb (0.5ms)
  Rendered layouts/_footer.html.erb (0.1ms)
Completed 200 OK in 174ms (Views: 98.6ms | ActiveRecord: 28.1ms)


Started GET "/users/1" for 127.0.0.1 at 2014-07-17 22:02:18 -0600
Processing by UsersController#show as JSON
  Parameters: {"id"=>"1"}
  [1m[36mUser Load (0.5ms)[0m  [1mSELECT "users".* FROM "users" WHERE "users"."id" = $1 LIMIT 1[0m  [["id", "1"]]
  [1m[35mUser Load (0.3ms)[0m  SELECT "users".* FROM "users" WHERE "users"."remember_token" = 'c8fc947dedec12e0ca001034e2606f340cec33b5' LIMIT 1
  [1m[36mAddress Load (0.4ms)[0m  [1mSELECT "addresses".* FROM "addresses" WHERE "addresses"."addressable_id" = $1 AND "addresses"."addressable_type" = $2 ORDER BY "addresses"."id" ASC LIMIT 1[0m  [["addressable_id", 1], ["addressable_type", "User"]]
  [1m[35mCompany Load (0.2ms)[0m  SELECT "companies".* FROM "companies" WHERE "companies"."user_id" = $1 ORDER BY "companies"."id" ASC LIMIT 1  [["user_id", 1]]
Completed 200 OK in 6ms (Views: 2.9ms | ActiveRecord: 1.5ms)


Started GET "/users" for 127.0.0.1 at 2014-07-17 22:02:18 -0600
Processing by UsersController#index as JSON
  [1m[36mUser Load (0.3ms)[0m  [1mSELECT "users".* FROM "users" WHERE "users"."remember_token" = 'c8fc947dedec12e0ca001034e2606f340cec33b5' LIMIT 1[0m
Redirected to http://lvh.me:3000/signin
Filter chain halted as :admin_user? rendered or redirected
Completed 302 Found in 2ms (ActiveRecord: 0.3ms)


Started GET "/signin" for 127.0.0.1 at 2014-07-17 22:02:18 -0600
Processing by SessionsController#new as JSON
  Rendered shared/_flash_messages.html.erb (0.3ms)
  Rendered sessions/new.html.erb within layouts/application (3.4ms)
  Rendered layouts/_ie_shim.html.erb (0.0ms)
  Rendered layouts/_head_tags.html.erb (30.5ms)
  [1m[35mUser Load (0.3ms)[0m  SELECT "users".* FROM "users" WHERE "users"."remember_token" = 'c8fc947dedec12e0ca001034e2606f340cec33b5' LIMIT 1
  Rendered layouts/_header.html.erb (1.2ms)
  Rendered layouts/_footer.html.erb (0.1ms)
Completed 200 OK in 44ms (Views: 43.7ms | ActiveRecord: 0.3ms)


Started GET "/inspections/8" for 127.0.0.1 at 2014-07-17 22:02:31 -0600
Processing by InspectionsController#show as HTML
  Parameters: {"id"=>"8"}
  [1m[36mInspection Load (0.9ms)[0m  [1mSELECT "inspections".* FROM "inspections" WHERE "inspections"."id" = $1 ORDER BY inspection_date DESC LIMIT 1[0m  [["id", "8"]]
  Rendered inspections/_inspection_details.html.erb (1.3ms)
  Rendered inspections/_rooms.html.erb (0.8ms)
  Rendered inspections/_valuables.html.erb (0.7ms)
  Rendered inspections/show.html.erb within layouts/application (15.2ms)
  Rendered layouts/_ie_shim.html.erb (0.0ms)
  Rendered layouts/_head_tags.html.erb (30.7ms)
  [1m[35mUser Load (0.3ms)[0m  SELECT "users".* FROM "users" WHERE "users"."remember_token" = 'c8fc947dedec12e0ca001034e2606f340cec33b5' LIMIT 1
  Rendered layouts/_header.html.erb (1.5ms)
  Rendered layouts/_footer.html.erb (0.2ms)
Completed 200 OK in 55ms (Views: 52.0ms | ActiveRecord: 1.3ms)


Started GET "/inspections" for 127.0.0.1 at 2014-07-17 22:02:31 -0600
Processing by InspectionsController#index as JSON
  [1m[36mUser Load (1.2ms)[0m  [1mSELECT "users".* FROM "users" WHERE "users"."remember_token" = 'c8fc947dedec12e0ca001034e2606f340cec33b5' LIMIT 1[0m
  [1m[35mInspection Load (0.3ms)[0m  SELECT "inspections".* FROM "inspections" WHERE "inspections"."user_id" = $1 ORDER BY inspection_date DESC  [["user_id", 1]]
  [1m[36mAddress Load (0.5ms)[0m  [1mSELECT "addresses".* FROM "addresses" WHERE "addresses"."addressable_id" = $1 AND "addresses"."addressable_type" = $2 ORDER BY "addresses"."id" ASC LIMIT 1[0m  [["addressable_id", 8], ["addressable_type", "Inspection"]]
  [1m[35mInspectedRoom Load (0.3ms)[0m  SELECT "inspected_rooms".* FROM "inspected_rooms" WHERE "inspected_rooms"."inspection_id" = $1  [["inspection_id", 8]]
  [1m[36mInspectedFeature Load (0.2ms)[0m  [1mSELECT "inspected_features".* FROM "inspected_features" WHERE "inspected_features"."inspected_room_id" IN (2, 1)[0m
  [1m[35mImage Load (0.1ms)[0m  SELECT "images".* FROM "images" WHERE "images"."imageable_id" = $1 AND "images"."imageable_type" = $2  [["imageable_id", 2], ["imageable_type", "InspectedRoom"]]
  [1m[36mImage Load (0.1ms)[0m  [1mSELECT "images".* FROM "images" WHERE "images"."imageable_id" = $1 AND "images"."imageable_type" = $2[0m  [["imageable_id", 1], ["imageable_type", "InspectedRoom"]]
  [1m[35mValuable Load (0.2ms)[0m  SELECT "valuables".* FROM "valuables" WHERE "valuables"."inspection_id" = $1  [["inspection_id", 8]]
  [1m[36mImage Load (0.3ms)[0m  [1mSELECT "images".* FROM "images" WHERE "images"."imageable_id" = $1 AND "images"."imageable_type" = $2[0m  [["imageable_id", 8], ["imageable_type", "Inspection"]]
  [1m[35mInspectionDetail Load (0.4ms)[0m  SELECT "inspection_details".* FROM "inspection_details" WHERE "inspection_details"."inspection_id" = $1  [["inspection_id", 8]]
  [1m[36mUser Load (0.4ms)[0m  [1mSELECT "users".* FROM "users" WHERE "users"."id" = $1 ORDER BY "users"."id" ASC LIMIT 1[0m  [["id", 1]]
  [1m[35mAddress Load (0.3ms)[0m  SELECT "addresses".* FROM "addresses" WHERE "addresses"."addressable_id" = $1 AND "addresses"."addressable_type" = $2 ORDER BY "addresses"."id" ASC LIMIT 1  [["addressable_id", 1], ["addressable_type", "User"]]
  [1m[36mCompany Load (0.3ms)[0m  [1mSELECT "companies".* FROM "companies" WHERE "companies"."user_id" = $1 ORDER BY "companies"."id" ASC LIMIT 1[0m  [["user_id", 1]]
  [1m[35mAddress Load (0.3ms)[0m  SELECT "addresses".* FROM "addresses" WHERE "addresses"."addressable_id" = $1 AND "addresses"."addressable_type" = $2 ORDER BY "addresses"."id" ASC LIMIT 1  [["addressable_id", 9], ["addressable_type", "Inspection"]]
  [1m[36mInspectedRoom Load (0.3ms)[0m  [1mSELECT "inspected_rooms".* FROM "inspected_rooms" WHERE "inspected_rooms"."inspection_id" = $1[0m  [["inspection_id", 9]]
  [1m[35mValuable Load (0.3ms)[0m  SELECT "valuables".* FROM "valuables" WHERE "valuables"."inspection_id" = $1  [["inspection_id", 9]]
  [1m[36mImage Load (0.2ms)[0m  [1mSELECT "images".* FROM "images" WHERE "images"."imageable_id" = $1 AND "images"."imageable_type" = $2[0m  [["imageable_id", 9], ["imageable_type", "Inspection"]]
  [1m[35mInspectionDetail Load (0.4ms)[0m  SELECT "inspection_details".* FROM "inspection_details" WHERE "inspection_details"."inspection_id" = $1  [["inspection_id", 9]]
  [1m[36mCACHE (0.0ms)[0m  [1mSELECT "users".* FROM "users" WHERE "users"."id" = $1 ORDER BY "users"."id" ASC LIMIT 1[0m  [["id", 1]]
  [1m[35mCACHE (0.0ms)[0m  SELECT "addresses".* FROM "addresses" WHERE "addresses"."addressable_id" = $1 AND "addresses"."addressable_type" = $2 ORDER BY "addresses"."id" ASC LIMIT 1  [["addressable_id", 1], ["addressable_type", "User"]]
  [1m[36mCACHE (0.0ms)[0m  [1mSELECT "companies".* FROM "companies" WHERE "companies"."user_id" = $1 ORDER BY "companies"."id" ASC LIMIT 1[0m  [["user_id", 1]]
  [1m[35mAddress Load (0.3ms)[0m  SELECT "addresses".* FROM "addresses" WHERE "addresses"."addressable_id" = $1 AND "addresses"."addressable_type" = $2 ORDER BY "addresses"."id" ASC LIMIT 1  [["addressable_id", 10], ["addressable_type", "Inspection"]]
  [1m[36mInspectedRoom Load (0.4ms)[0m  [1mSELECT "inspected_rooms".* FROM "inspected_rooms" WHERE "inspected_rooms"."inspection_id" = $1[0m  [["inspection_id", 10]]
  [1m[35mInspectedFeature Load (0.3ms)[0m  SELECT "inspected_features".* FROM "inspected_features" WHERE "inspected_features"."inspected_room_id" IN (3)
  [1m[36mImage Load (0.2ms)[0m  [1mSELECT "images".* FROM "images" WHERE "images"."imageable_id" = $1 AND "images"."imageable_type" = $2[0m  [["imageable_id", 3], ["imageable_type", "InspectedRoom"]]
  [1m[35mValuable Load (0.3ms)[0m  SELECT "valuables".* FROM "valuables" WHERE "valuables"."inspection_id" = $1  [["inspection_id", 10]]
  [1m[36mImage Load (0.2ms)[0m  [1mSELECT "images".* FROM "images" WHERE "images"."imageable_id" = $1 AND "images"."imageable_type" = $2[0m  [["imageable_id", 1], ["imageable_type", "Valuable"]]
  [1m[35mImage Load (0.3ms)[0m  SELECT "images".* FROM "images" WHERE "images"."imageable_id" = $1 AND "images"."imageable_type" = $2  [["imageable_id", 10], ["imageable_type", "Inspection"]]
  [1m[36mInspectionDetail Load (0.5ms)[0m  [1mSELECT "inspection_details".* FROM "inspection_details" WHERE "inspection_details"."inspection_id" = $1[0m  [["inspection_id", 10]]
  [1m[35mCACHE (0.0ms)[0m  SELECT "users".* FROM "users" WHERE "users"."id" = $1 ORDER BY "users"."id" ASC LIMIT 1  [["id", 1]]
  [1m[36mCACHE (0.0ms)[0m  [1mSELECT "addresses".* FROM "addresses" WHERE "addresses"."addressable_id" = $1 AND "addresses"."addressable_type" = $2 ORDER BY "addresses"."id" ASC LIMIT 1[0m  [["addressable_id", 1], ["addressable_type", "User"]]
  [1m[35mCACHE (0.0ms)[0m  SELECT "companies".* FROM "companies" WHERE "companies"."user_id" = $1 ORDER BY "companies"."id" ASC LIMIT 1  [["user_id", 1]]
Completed 200 OK in 44ms (Views: 33.8ms | ActiveRecord: 8.5ms)


Started GET "/inspections/8" for 127.0.0.1 at 2014-07-17 22:02:31 -0600
Processing by InspectionsController#show as JSON
  Parameters: {"id"=>"8"}
  [1m[36mInspection Load (0.4ms)[0m  [1mSELECT "inspections".* FROM "inspections" WHERE "inspections"."id" = $1 ORDER BY inspection_date DESC LIMIT 1[0m  [["id", "8"]]
  [1m[35mUser Load (0.3ms)[0m  SELECT "users".* FROM "users" WHERE "users"."remember_token" = 'c8fc947dedec12e0ca001034e2606f340cec33b5' LIMIT 1
  [1m[36mAddress Load (0.2ms)[0m  [1mSELECT "addresses".* FROM "addresses" WHERE "addresses"."addressable_id" = $1 AND "addresses"."addressable_type" = $2 ORDER BY "addresses"."id" ASC LIMIT 1[0m  [["addressable_id", 8], ["addressable_type", "Inspection"]]
  [1m[35mInspectedRoom Load (0.2ms)[0m  SELECT "inspected_rooms".* FROM "inspected_rooms" WHERE "inspected_rooms"."inspection_id" = $1  [["inspection_id", 8]]
  [1m[36mInspectedFeature Load (0.2ms)[0m  [1mSELECT "inspected_features".* FROM "inspected_features" WHERE "inspected_features"."inspected_room_id" IN (2, 1)[0m
  [1m[35mImage Load (0.1ms)[0m  SELECT "images".* FROM "images" WHERE "images"."imageable_id" = $1 AND "images"."imageable_type" = $2  [["imageable_id", 2], ["imageable_type", "InspectedRoom"]]
  [1m[36mImage Load (0.1ms)[0m  [1mSELECT "images".* FROM "images" WHERE "images"."imageable_id" = $1 AND "images"."imageable_type" = $2[0m  [["imageable_id", 1], ["imageable_type", "InspectedRoom"]]
  [1m[35mValuable Load (0.1ms)[0m  SELECT "valuables".* FROM "valuables" WHERE "valuables"."inspection_id" = $1  [["inspection_id", 8]]
  [1m[36mImage Load (0.1ms)[0m  [1mSELECT "images".* FROM "images" WHERE "images"."imageable_id" = $1 AND "images"."imageable_type" = $2[0m  [["imageable_id", 8], ["imageable_type", "Inspection"]]
  [1m[35mInspectionDetail Load (0.1ms)[0m  SELECT "inspection_details".* FROM "inspection_details" WHERE "inspection_details"."inspection_id" = $1  [["inspection_id", 8]]
  [1m[36mUser Load (0.2ms)[0m  [1mSELECT "users".* FROM "users" WHERE "users"."id" = $1 ORDER BY "users"."id" ASC LIMIT 1[0m  [["id", 1]]
  [1m[35mAddress Load (0.2ms)[0m  SELECT "addresses".* FROM "addresses" WHERE "addresses"."addressable_id" = $1 AND "addresses"."addressable_type" = $2 ORDER BY "addresses"."id" ASC LIMIT 1  [["addressable_id", 1], ["addressable_type", "User"]]
  [1m[36mCompany Load (0.2ms)[0m  [1mSELECT "companies".* FROM "companies" WHERE "companies"."user_id" = $1 ORDER BY "companies"."id" ASC LIMIT 1[0m  [["user_id", 1]]
Completed 200 OK in 12ms (Views: 8.0ms | ActiveRecord: 2.5ms)


Started GET "/agents" for 127.0.0.1 at 2014-07-17 22:02:31 -0600
Processing by UsersController#agent_index as JSON
  [1m[35mUser Load (0.4ms)[0m  SELECT "users".* FROM "users" WHERE "users"."remember_token" = 'c8fc947dedec12e0ca001034e2606f340cec33b5' LIMIT 1
Redirected to http://lvh.me:3000/signin
Filter chain halted as :admin_user? rendered or redirected
Completed 302 Found in 2ms (ActiveRecord: 0.4ms)


Started GET "/signin" for 127.0.0.1 at 2014-07-17 22:02:31 -0600
Processing by SessionsController#new as JSON
  Rendered shared/_flash_messages.html.erb (0.2ms)
  Rendered sessions/new.html.erb within layouts/application (3.9ms)
  Rendered layouts/_ie_shim.html.erb (0.0ms)
  Rendered layouts/_head_tags.html.erb (28.4ms)
  [1m[36mUser Load (0.3ms)[0m  [1mSELECT "users".* FROM "users" WHERE "users"."remember_token" = 'c8fc947dedec12e0ca001034e2606f340cec33b5' LIMIT 1[0m
  Rendered layouts/_header.html.erb (1.2ms)
  Rendered layouts/_footer.html.erb (0.1ms)
Completed 200 OK in 42ms (Views: 41.6ms | ActiveRecord: 0.3ms)


Started POST "/inspections/8/valuables" for 127.0.0.1 at 2014-07-17 22:03:38 -0600
Processing by ValuablesController#create as JSON
  Parameters: {"inspection_id"=>"8", "name"=>"New Valuable", "valuable"=>{"name"=>"New Valuable", "inspection_id"=>"8"}}
  [1m[35m (0.2ms)[0m  BEGIN
  [1m[36mSQL (20.3ms)[0m  [1mINSERT INTO "valuables" ("created_at", "inspection_id", "name", "updated_at") VALUES ($1, $2, $3, $4) RETURNING "id"[0m  [["created_at", Fri, 18 Jul 2014 04:03:38 UTC +00:00], ["inspection_id", 8], ["name", "New Valuable"], ["updated_at", Fri, 18 Jul 2014 04:03:38 UTC +00:00]]
  [1m[35m (0.4ms)[0m  COMMIT
Completed 200 OK in 30ms (Views: 0.1ms | ActiveRecord: 21.0ms)
DEPRECATION WARNING: Calling #default_scope without a block is deprecated. For example instead of `default_scope where(color: 'red')`, please use `default_scope { where(color: 'red') }`. (Alternatively you can just redefine self.default_scope.). (called from <class:Inspection> at /Users/jmophoto/sites/myinventory/app/models/inspection.rb:23)
  [1m[36mInspection Load (1.6ms)[0m  [1mSELECT "inspections".* FROM "inspections" ORDER BY inspection_date ASC LIMIT 1[0m
  [1m[35mValuable Load (2.0ms)[0m  SELECT "valuables".* FROM "valuables" WHERE "valuables"."inspection_id" = $1  [["inspection_id", 1]]
  [1m[36mInspectedRoom Load (0.4ms)[0m  [1mSELECT "inspected_rooms".* FROM "inspected_rooms" WHERE "inspected_rooms"."inspection_id" = $1[0m  [["inspection_id", 1]]
  [1m[36mValuable Load (0.5ms)[0m  [1mSELECT "valuables".* FROM "valuables" ORDER BY "valuables"."id" DESC LIMIT 1[0m
DEPRECATION WARNING: Calling #default_scope without a block is deprecated. For example instead of `default_scope where(color: 'red')`, please use `default_scope { where(color: 'red') }`. (Alternatively you can just redefine self.default_scope.). (called from <class:Inspection> at /Users/jmophoto/sites/myinventory/app/models/inspection.rb:23)
  [1m[35mInspection Load (38.7ms)[0m  SELECT "inspections".* FROM "inspections" WHERE "inspections"."id" = $1 ORDER BY inspection_date DESC LIMIT 1  [["id", 8]]
  [1m[36mInspectedRoom Load (1.2ms)[0m  [1mSELECT "inspected_rooms".* FROM "inspected_rooms" ORDER BY "inspected_rooms"."id" DESC LIMIT 1[0m
  [1m[35mValuable Load (2.8ms)[0m  SELECT "valuables".* FROM "valuables" WHERE "valuables"."inspected_room_id" = $1  [[nil, 3]]
PG::UndefinedColumn: ERROR:  column valuables.inspected_room_id does not exist
LINE 1: SELECT "valuables".* FROM "valuables"  WHERE "valuables"."in...
                                                     ^
: SELECT "valuables".* FROM "valuables"  WHERE "valuables"."inspected_room_id" = $1
  [1m[36mActiveRecord::SchemaMigration Load (0.3ms)[0m  [1mSELECT "schema_migrations".* FROM "schema_migrations"[0m
Migrating to AddInspectedRoomIdToValuables (20140718041043)
  [1m[35m (0.1ms)[0m  BEGIN
  [1m[36m (8.2ms)[0m  [1mALTER TABLE "valuables" ADD COLUMN "inspected_room_id" integer[0m
  [1m[35mSQL (0.8ms)[0m  INSERT INTO "schema_migrations" ("version") VALUES ($1)  [["version", "20140718041043"]]
  [1m[36m (0.4ms)[0m  [1mCOMMIT[0m
  [1m[35mActiveRecord::SchemaMigration Load (0.2ms)[0m  SELECT "schema_migrations".* FROM "schema_migrations"
  [1m[36mInspectedRoom Load (0.2ms)[0m  [1mSELECT "inspected_rooms".* FROM "inspected_rooms" ORDER BY "inspected_rooms"."id" DESC LIMIT 1[0m
  [1m[35mValuable Load (0.3ms)[0m  SELECT "valuables".* FROM "valuables" WHERE "valuables"."inspected_room_id" = $1  [["inspected_room_id", 3]]
